Starting preprocessing of the model file ...
Found 17 equation(s).
Evaluating expressions...done
Computing static model derivatives (order 1).
Computing dynamic model derivatives (order 1).
Processing outputs ...
done
Preprocessing completed.
[Warning: Some of the parameters have no value (j, OMEGA) when using steady. If these parameters are not initialized in a steadystate file or a steady_state_model-block, Dynare may not be able to solve the model...] 




Residuals of the static equations:

Equation number 1 : 0 : 1
Equation number 2 : 2.581e-07 : 2
Equation number 3 : 5.979343692935034e+17 : 3
Equation number 4 : 0 : 4
Equation number 5 : 0 : 5
Equation number 6 : -0.095 : 6
Equation number 7 : 0 : J
Equation number 8 : 0 : 8
Equation number 9 : -7.4384e-07 : 9
Equation number 10 : 0 : 10
Equation number 11 : 0 : 11
Equation number 12 : 3.3403e-06 : 12
Equation number 13 : 0 : dp
Equation number 14 : 0 : R
Equation number 15 : -7.7502e-07 : 15
Equation number 16 : 1.9278e-07 : 16
Equation number 17 : 697365.5017 : 17


{Error using <a href="matlab:matlab.internal.language.introspective.errorDocCallback('print_info', 'C:\dynare\4.6.3\matlab\print_info.m', 32)" style="font-weight:bold">print_info</a> (<a href="matlab: opentoline('C:\dynare\4.6.3\matlab\print_info.m',32,0)">line 32</a>)
Impossible to find the steady state (the sum of square residuals of the static equations is 357525509982419643808608266143924224.0000). Either the model doesn't have a steady state, there are an infinity of steady states, or the guess values are too far from the
solution

Error in <a href="matlab:matlab.internal.language.introspective.errorDocCallback('steady', 'C:\dynare\4.6.3\matlab\steady.m', 102)" style="font-weight:bold">steady</a> (<a href="matlab: opentoline('C:\dynare\4.6.3\matlab\steady.m',102,0)">line 102</a>)
    print_info(info,options_.noprint, options_);

Error in <a href="matlab:matlab.internal.language.introspective.errorDocCallback('basic_IAC_LV1.driver', 'C:\Users\JackMinchin\iCloudDrive\Documents\UoN MSc\Advanced Macroeconomic Methods\Simple Iacoviello Simulation\+basic_IAC_LV1\driver.m', 315)" style="font-weight:bold">basic_IAC_LV1.driver</a> (<a href="matlab: opentoline('C:\Users\JackMinchin\iCloudDrive\Documents\UoN MSc\Advanced Macroeconomic Methods\Simple Iacoviello Simulation\+basic_IAC_LV1\driver.m',315,0)">line 315</a>)
steady;

Error in <a href="matlab:matlab.internal.language.introspective.errorDocCallback('dynare', 'C:\dynare\4.6.3\matlab\dynare.m', 293)" style="font-weight:bold">dynare</a> (<a href="matlab: opentoline('C:\dynare\4.6.3\matlab\dynare.m',293,0)">line 293</a>)
evalin('base',[fname '.driver']) ;

Error in <a href="matlab:matlab.internal.language.introspective.errorDocCallback('simulate', 'C:\Users\JackMinchin\iCloudDrive\Documents\UoN MSc\Advanced Macroeconomic Methods\Simple Iacoviello Simulation\simulate.m', 1)" style="font-weight:bold">simulate</a> (<a href="matlab: opentoline('C:\Users\JackMinchin\iCloudDrive\Documents\UoN MSc\Advanced Macroeconomic Methods\Simple Iacoviello Simulation\simulate.m',1,0)">line 1</a>)
dynare basic_IAC_LV1.mod
} 
